Arguments: 
  /usr/bin/node /usr/share/yarn/bin/yarn.js dev

PATH: 
  /home/michael/Dev/scripts:/home/michael/Dev/scripts:/home/michael/anaconda3/bin:/home/michael/anaconda3/condabin:/usr/local/sbin:/usr/local/bin:/usr/sbin:/usr/bin:/sbin:/bin:/usr/games:/usr/local/games:/snap/bin:/home/michael/.dotnet/tools:/usr/local/go/bin:/home/michael/Android/Sdk/emulator:/home/michael/Android/Sdk/tools:/home/michael/Android/Sdk/tools/bin:/home/michael/Android/Sdk/platform-tools:/home/michael/.yarn/bin:/home/michael/.dotnet/tools:/home/michael/Android/Sdk/emulator:/home/michael/Android/Sdk/tools:/home/michael/Android/Sdk/tools/bin:/home/michael/Android/Sdk/platform-tools:/home/michael/.yarn/bin:/usr/local/go/bin

Yarn version: 
  1.22.5

Node version: 
  14.17.6

Platform: 
  linux x64

Trace: 
  SyntaxError: /home/michael/Dev/HOMEWORK/learning-lab/package.json: Unexpected string in JSON at position 183
      at JSON.parse (<anonymous>)
      at /usr/share/yarn/lib/cli.js:1625:59
      at Generator.next (<anonymous>)
      at step (/usr/share/yarn/lib/cli.js:310:30)
      at /usr/share/yarn/lib/cli.js:321:13

npm manifest: 
  {
    "name": "learning-lab",
    "version": "1.0.0",
    "repository": "git@github.com:mhoobler/learning-lab.git",
    "author": "mhoobler <hoobler.michael@gmail.com>",
    "license": "MIT"
    "scripts": {
      "dev": "concurrently -k \"cd server && nodemon index.ts \" \"cd client && yarn dev\" "
    }
  }

yarn manifest: 
  No manifest

Lockfile: 
  No lockfile
